<?xml version="1.0" encoding="UTF-8"?>
<!-- Generated by org.testng.reporters.JUnitXMLReporter -->
<testsuite ignored="4" hostname="Tinas-MacBook-Pro.local" failures="3" tests="9" name="Group 4" time="1.647" errors="0" timestamp="2022-10-20T13:52:56 GMT-04:00">
  <testcase classname="test.BaseTest" name="@AfterMethod captureScreenshot" time="0.004">
    <failure type="java.lang.IllegalArgumentException" message="nullis not supported">
      <![CDATA[java.lang.IllegalArgumentException: nullis not supported
at driver.DriverFactory.getDriver(DriverFactory.java:50)
at test.BaseTest.captureScreenshot(BaseTest.java:71)
at java.base/java.util.ArrayList.forEach(ArrayList.java:1541)
at java.base/java.util.concurrent.FutureTask.run(FutureTask.java:264)
at java.base/java.util.concurrent.ThreadPoolExecutor.runWorker(ThreadPoolExecutor.java:1128)
at java.base/java.util.concurrent.ThreadPoolExecutor$Worker.run(ThreadPoolExecutor.java:628)
at java.base/java.lang.Thread.run(Thread.java:871)
... Removed 22 stack frames]]>
    </failure>
  </testcase> <!-- @AfterMethod captureScreenshot -->
  <testcase classname="test.BaseTest" name="@AfterMethod captureScreenshot" time="0.0">
    <skipped/>
  </testcase> <!-- @AfterMethod captureScreenshot -->
  <testcase classname="test.BaseTest" name="@AfterMethod captureScreenshot" time="0.0">
    <skipped/>
  </testcase> <!-- @AfterMethod captureScreenshot -->
  <testcase classname="test.BaseTest" name="@AfterMethod captureScreenshot" time="0.057">
    <failure type="java.lang.NullPointerException">
      <![CDATA[java.lang.NullPointerException
at test.BaseTest.captureScreenshot(BaseTest.java:73)
at java.base/java.util.ArrayList.forEach(ArrayList.java:1541)
at java.base/java.util.concurrent.FutureTask.run(FutureTask.java:264)
at java.base/java.util.concurrent.ThreadPoolExecutor.runWorker(ThreadPoolExecutor.java:1128)
at java.base/java.util.concurrent.ThreadPoolExecutor$Worker.run(ThreadPoolExecutor.java:628)
at java.base/java.lang.Thread.run(Thread.java:871)
... Removed 22 stack frames]]>
    </failure>
  </testcase> <!-- @AfterMethod captureScreenshot -->
  <testcase classname="test.BaseTest" name="@AfterMethod captureScreenshot" time="0.0">
    <skipped/>
  </testcase> <!-- @AfterMethod captureScreenshot -->
  <testcase classname="test.BaseTest" name="@AfterMethod captureScreenshot" time="0.0">
    <skipped/>
  </testcase> <!-- @AfterMethod captureScreenshot -->
  <testcase classname="test.BaseTest" name="@AfterMethod captureScreenshot" time="0.002">
    <failure type="java.lang.IllegalArgumentException" message="nullis not supported">
      <![CDATA[java.lang.IllegalArgumentException: nullis not supported
at driver.DriverFactory.getDriver(DriverFactory.java:50)
at test.BaseTest.captureScreenshot(BaseTest.java:71)
at java.base/java.util.ArrayList.forEach(ArrayList.java:1541)
at java.base/java.util.concurrent.FutureTask.run(FutureTask.java:264)
at java.base/java.util.concurrent.ThreadPoolExecutor.runWorker(ThreadPoolExecutor.java:1128)
at java.base/java.util.concurrent.ThreadPoolExecutor$Worker.run(ThreadPoolExecutor.java:628)
at java.base/java.lang.Thread.run(Thread.java:871)
... Removed 22 stack frames]]>
    </failure>
  </testcase> <!-- @AfterMethod captureScreenshot -->
  <testcase classname="test.BaseTest" name="@AfterMethod captureScreenshot" time="0.0">
    <skipped/>
  </testcase> <!-- @AfterMethod captureScreenshot -->
  <testcase classname="test.computer.BuyingCheapComputerTest" name="testCheapComputerBuying" time="0.238">
    <failure type="java.lang.IllegalArgumentException" message="nullis not supported">
      <![CDATA[java.lang.IllegalArgumentException: nullis not supported
at driver.DriverFactory.getDriver(DriverFactory.java:50)
at test.BaseTest.getDriver(BaseTest.java:30)
at test.computer.BuyingCheapComputerTest.testCheapComputerBuying(BuyingCheapComputerTest.java:20)
at java.base/java.util.ArrayList.forEach(ArrayList.java:1541)
at java.base/java.util.concurrent.FutureTask.run(FutureTask.java:264)
at java.base/java.util.concurrent.ThreadPoolExecutor.runWorker(ThreadPoolExecutor.java:1128)
at java.base/java.util.concurrent.ThreadPoolExecutor$Worker.run(ThreadPoolExecutor.java:628)
at java.base/java.lang.Thread.run(Thread.java:871)
... Removed 17 stack frames]]>
    </failure>
  </testcase> <!-- testCheapComputerBuying -->
  <testcase classname="test.computer.BuyingCheapComputerTest" name="testCheapComputerBuying" time="0.0">
    <skipped/>
  </testcase> <!-- testCheapComputerBuying -->
  <testcase classname="test.computer.BuyingCheapComputerTest" name="testCheapComputerBuying" time="0.0">
    <skipped/>
  </testcase> <!-- testCheapComputerBuying -->
  <testcase classname="test.computer.BuyingStandardComputerTest" name="testStandardComputerBuying" time="0.896">
    <failure type="java.lang.NullPointerException">
      <![CDATA[java.lang.NullPointerException
at test.computer.BuyingStandardComputerTest.testStandardComputerBuying(BuyingStandardComputerTest.java:22)
at java.base/java.util.ArrayList.forEach(ArrayList.java:1541)
at java.base/java.util.concurrent.FutureTask.run(FutureTask.java:264)
at java.base/java.util.concurrent.ThreadPoolExecutor.runWorker(ThreadPoolExecutor.java:1128)
at java.base/java.util.concurrent.ThreadPoolExecutor$Worker.run(ThreadPoolExecutor.java:628)
at java.base/java.lang.Thread.run(Thread.java:871)
... Removed 17 stack frames]]>
    </failure>
  </testcase> <!-- testStandardComputerBuying -->
  <testcase classname="test.computer.BuyingStandardComputerTest" name="testStandardComputerBuying" time="0.0">
    <skipped/>
  </testcase> <!-- testStandardComputerBuying -->
  <testcase classname="test.computer.BuyingStandardComputerTest" name="testStandardComputerBuying" time="0.0">
    <skipped/>
  </testcase> <!-- testStandardComputerBuying -->
  <testcase classname="test.global.footer.FooterTest" name="testFooterCategoryPage" time="0.012">
    <failure type="java.lang.IllegalArgumentException" message="nullis not supported">
      <![CDATA[java.lang.IllegalArgumentException: nullis not supported
at driver.DriverFactory.getDriver(DriverFactory.java:50)
at test.BaseTest.getDriver(BaseTest.java:30)
at test.global.footer.FooterTest.testFooterCategoryPage(FooterTest.java:21)
at java.base/java.util.ArrayList.forEach(ArrayList.java:1541)
at java.base/java.util.concurrent.FutureTask.run(FutureTask.java:264)
at java.base/java.util.concurrent.ThreadPoolExecutor.runWorker(ThreadPoolExecutor.java:1128)
at java.base/java.util.concurrent.ThreadPoolExecutor$Worker.run(ThreadPoolExecutor.java:628)
at java.base/java.lang.Thread.run(Thread.java:871)
... Removed 17 stack frames]]>
    </failure>
  </testcase> <!-- testFooterCategoryPage -->
  <testcase classname="test.global.footer.FooterTest" name="testFooterHomePage" time="0.0">
    <skipped/>
  </testcase> <!-- testFooterHomePage -->
  <testcase classname="test.testng.TestNGHook01" name="testSth" time="0.01"/>
  <testcase classname="test.BaseTest" name="@AfterTest closeBrowserSession" time="0.0">
    <ignored/>
  </testcase> <!-- @AfterTest closeBrowserSession -->
  <testcase classname="test.BaseTest" name="@BeforeTest initBrowserSession" time="0.0">
    <ignored/>
  </testcase> <!-- @BeforeTest initBrowserSession -->
  <testcase classname="test.BaseTest" name="@AfterTest closeBrowserSession" time="0.0">
    <ignored/>
  </testcase> <!-- @AfterTest closeBrowserSession -->
  <testcase classname="test.BaseTest" name="@BeforeTest initBrowserSession" time="0.0">
    <ignored/>
  </testcase> <!-- @BeforeTest initBrowserSession -->
</testsuite> <!-- Group 4 -->
