<?xml version="1.0" encoding="UTF-8"?>
<!-- Generated by org.testng.reporters.JUnitXMLReporter -->
<testsuite ignored="0" hostname="Tinas-MacBook-Pro.local" failures="1" tests="2" name="Group 4" time="363.204" errors="0" timestamp="2022-10-20T14:07:34 GMT-04:00">
  <testcase classname="test.BaseTest" name="@AfterMethod captureScreenshot" time="180.063">
    <failure type="java.lang.NullPointerException">
      <![CDATA[java.lang.NullPointerException
at test.BaseTest.captureScreenshot(BaseTest.java:73)
at java.base/java.util.ArrayList.forEach(ArrayList.java:1541)
at java.base/java.util.concurrent.FutureTask.run(FutureTask.java:264)
at java.base/java.util.concurrent.ThreadPoolExecutor.runWorker(ThreadPoolExecutor.java:1128)
at java.base/java.util.concurrent.ThreadPoolExecutor$Worker.run(ThreadPoolExecutor.java:628)
at java.base/java.lang.Thread.run(Thread.java:871)
... Removed 22 stack frames]]>
    </failure>
  </testcase> <!-- @AfterMethod captureScreenshot -->
  <testcase classname="test.BaseTest" name="@AfterMethod captureScreenshot" time="0.0">
    <skipped/>
  </testcase> <!-- @AfterMethod captureScreenshot -->
  <testcase classname="test.global.footer.FooterTest" name="testFooterCategoryPage" time="182.996">
    <failure type="java.lang.NullPointerException">
      <![CDATA[java.lang.NullPointerException
at test.global.footer.FooterTest.testFooterCategoryPage(FooterTest.java:22)
at java.base/java.util.ArrayList.forEach(ArrayList.java:1541)
at java.base/java.util.concurrent.FutureTask.run(FutureTask.java:264)
at java.base/java.util.concurrent.ThreadPoolExecutor.runWorker(ThreadPoolExecutor.java:1128)
at java.base/java.util.concurrent.ThreadPoolExecutor$Worker.run(ThreadPoolExecutor.java:628)
at java.base/java.lang.Thread.run(Thread.java:871)
... Removed 17 stack frames]]>
    </failure>
  </testcase> <!-- testFooterCategoryPage -->
  <testcase classname="test.global.footer.FooterTest" name="testFooterHomePage" time="0.0">
    <skipped/>
  </testcase> <!-- testFooterHomePage -->
</testsuite> <!-- Group 4 -->
